[main] INFO  TwentySevenTec  - URL is Provided
[main] INFO  TwentySevenTec  - Username Provided
[main] INFO  TwentySevenTec  - Password Provided
[main] INFO  TwentySevenTec  - Login test passed
[main] INFO  TwentySevenTec  - URL is Provided
[main] INFO  TwentySevenTec  - Username Provided
[main] INFO  TwentySevenTec  - Password Provided
[main] INFO  TwentySevenTec  - Login test passed
[main] INFO  TwentySevenTec  - Logged in Successfully
[main] INFO  TwentySevenTec  - Logged in Successfully
[main] INFO  TwentySevenTec  - Logged in Successfully
[main] INFO  TwentySevenTec  - Logged in Successfully
[main] INFO  TwentySevenTec  - Logged in Successfully
[main] INFO  TwentySevenTec  - Logged in Successfully
[main] INFO  TwentySevenTec  - Logged in Successfully
[main] INFO  TwentySevenTec  - Logged in Successfully
[main] INFO  TwentySevenTec  - Logged in Successfully
[main] INFO  TwentySevenTec  - Logged in Successfully
[main] INFO  TwentySevenTec  - Logged in Successfully
[main] INFO  TwentySevenTec  - Logged in Successfully
[main] INFO  TwentySevenTec  - Logged in Successfully
[main] INFO  TwentySevenTec  - Click on Start Button
[main] INFO  TwentySevenTec  - Logged in Successfully
[main] INFO  TwentySevenTec  - Click on Start Button
[main] INFO  TwentySevenTec  - Logged in Successfully
[main] INFO  TwentySevenTec  - Click on Start Button
[main] INFO  TwentySevenTec  - Logged in Successfully
[main] INFO  TwentySevenTec  - Click on Start Button
[main] INFO  TwentySevenTec  - Logged in Successfully
[main] INFO  TwentySevenTec  - Click on Start Button
[main] INFO  TwentySevenTec  - Logged in Successfully
[main] INFO  TwentySevenTec  - Click on Start Button
[main] INFO  TwentySevenTec  - Standard Residential selected
[main] INFO  TwentySevenTec  - Purchase selected
[main] INFO  TwentySevenTec  - product search page not opened yet
[main] INFO  TwentySevenTec  - Logged in Successfully
[main] INFO  TwentySevenTec  - Click on Start Button
[main] INFO  TwentySevenTec  - Standard Residential selected
[main] INFO  TwentySevenTec  - Purchase selected
[main] INFO  TwentySevenTec  - product search page not opened yet
[main] INFO  TwentySevenTec  - Logged in Successfully
[main] INFO  TwentySevenTec  - Click on Start Button
[main] INFO  TwentySevenTec  - Logged in Successfully
[main] INFO  TwentySevenTec  - Click on Start Button
[main] INFO  TwentySevenTec  - Standard Residential selected
[main] INFO  TwentySevenTec  - Purchase selected
[main] INFO  TwentySevenTec  - product search page not opened yet
[main] INFO  TwentySevenTec  - Logged in Successfully
[main] INFO  TwentySevenTec  - Click on Start Button
[main] INFO  TwentySevenTec  - Standard Residential selected
[main] INFO  TwentySevenTec  - Purchase selected
[main] INFO  TwentySevenTec  - product search page not opened yet
[main] INFO  TwentySevenTec  - Logged in Successfully
[main] INFO  TwentySevenTec  - Click on Start Button
[main] INFO  TwentySevenTec  - Standard Residential selected
[main] INFO  TwentySevenTec  - Purchase selected
[main] INFO  TwentySevenTec  - Logged in Successfully
[main] INFO  TwentySevenTec  - Click on Start Button
[main] INFO  TwentySevenTec  - Standard Residential selected
[main] INFO  TwentySevenTec  - Purchase selected
[main] INFO  TwentySevenTec  - product search page not opened yet
[main] INFO  TwentySevenTec  - Logged in Successfully
[main] INFO  TwentySevenTec  - Click on Start Button
[main] INFO  TwentySevenTec  - Standard Residential selected
[main] INFO  TwentySevenTec  - Purchase selected
[main] INFO  TwentySevenTec  - product search page opened
